[INFO  - 2017-11-09T14:00:08.746Z] GhostDriver - Main - running on port 60856
[INFO  - 2017-11-09T14:00:12.208Z] Session [4dd7d820-c556-11e7-bd2a-19df6981222b] - page.settings - {"XSSAuditingEnabled":false,"javascriptCanCloseWindows":true,"javascriptCanOpenWindows":true,"javascriptEnabled":true,"loadImages":false,"localToRemoteUrlAccessEnabled":false,"userAgent":"Mozilla/5.0 (Windows NT 10.0; WOW64) AppleWebKit/537.36 (KHTML, like Gecko) Chrome/56.0.2924.87 Safari/537.36","webSecurityEnabled":true}
[INFO  - 2017-11-09T14:00:12.208Z] Session [4dd7d820-c556-11e7-bd2a-19df6981222b] - page.customHeaders:  - {"Cookie":"aliyungf_tc=AQAAAIplnShTMAQAebbT3lEVm4rc3txx; "}
[INFO  - 2017-11-09T14:00:12.208Z] Session [4dd7d820-c556-11e7-bd2a-19df6981222b] - Session.negotiatedCapabilities - {"browserName":"phantomjs","version":"2.1.1","driverName":"ghostdriver","driverVersion":"1.2.0","platform":"windows-10-32bit","javascriptEnabled":true,"takesScreenshot":true,"handlesAlerts":false,"databaseEnabled":false,"locationContextEnabled":false,"applicationCacheEnabled":false,"browserConnectionEnabled":false,"cssSelectorsEnabled":true,"webStorageEnabled":false,"rotatable":false,"acceptSslCerts":false,"nativeEvents":true,"proxy":{"proxyType":"direct"},"phantomjs.page.customHeaders.Cookie":"aliyungf_tc=AQAAAIplnShTMAQAebbT3lEVm4rc3txx; ","phantomjs.page.settings.disk-cache":true,"phantomjs.page.settings.loadImages":false,"phantomjs.page.settings.resourceTimeout":2000,"phantomjs.page.settings.connection":"keep-alive","phantomjs.page.settings.userAgent":"Mozilla/5.0 (Windows NT 10.0; WOW64) AppleWebKit/537.36 (KHTML, like Gecko) Chrome/56.0.2924.87 Safari/537.36","phantomjs.page.settings.accept":"text/html,application/xhtml+xml,application/xml;q=0.9,image/webp,*/*;q=0.8"}
[INFO  - 2017-11-09T14:00:12.209Z] SessionManagerReqHand - _postNewSessionCommand - New Session Created: 4dd7d820-c556-11e7-bd2a-19df6981222b
[ERROR - 2017-11-09T14:00:12.237Z] RouterReqHand - _handle.error - {"name":"Missing Command Parameter","message":"{\"headers\":{\"Accept\":\"application/json\",\"Accept-Encoding\":\"identity\",\"Connection\":\"close\",\"Content-Length\":\"72\",\"Content-Type\":\"application/json;charset=UTF-8\",\"Host\":\"127.0.0.1:60856\",\"User-Agent\":\"Python http auth\"},\"httpVersion\":\"1.1\",\"method\":\"POST\",\"post\":\"{\\\"pageLoad\\\": 10000, \\\"sessionId\\\": \\\"4dd7d820-c556-11e7-bd2a-19df6981222b\\\"}\",\"url\":\"/timeouts\",\"urlParsed\":{\"anchor\":\"\",\"query\":\"\",\"file\":\"timeouts\",\"directory\":\"/\",\"path\":\"/timeouts\",\"relative\":\"/timeouts\",\"port\":\"\",\"host\":\"\",\"password\":\"\",\"user\":\"\",\"userInfo\":\"\",\"authority\":\"\",\"protocol\":\"\",\"source\":\"/timeouts\",\"queryKey\":{},\"chunks\":[\"timeouts\"]},\"urlOriginal\":\"/session/4dd7d820-c556-11e7-bd2a-19df6981222b/timeouts\"}","line":546,"sourceURL":"phantomjs://code/session_request_handler.js","stack":"_postTimeout@phantomjs://code/session_request_handler.js:546:73\n_handle@phantomjs://code/session_request_handler.js:148:25\n_reroute@phantomjs://code/request_handler.js:61:20\n_handle@phantomjs://code/router_request_handler.js:78:46"}

  phantomjs://platform/console++.js:263 in error
[ERROR - 2017-11-09T14:00:14.851Z] Session [4dd7d820-c556-11e7-bd2a-19df6981222b] - page.onError - msg: ReferenceError: Can't find variable: etag_ngx_str

  phantomjs://platform/console++.js:263 in error
[ERROR - 2017-11-09T14:00:14.851Z] Session [4dd7d820-c556-11e7-bd2a-19df6981222b] - page.onError - stack:
  global code (http://beacon.sina.com.cn/h.js:1)

  phantomjs://platform/console++.js:263 in error
[ERROR - 2017-11-09T14:00:15.119Z] Session [4dd7d820-c556-11e7-bd2a-19df6981222b] - page.onError - msg: ReferenceError: Can't find variable: etag_ngx_str

  phantomjs://platform/console++.js:263 in error
[ERROR - 2017-11-09T14:00:15.119Z] Session [4dd7d820-c556-11e7-bd2a-19df6981222b] - page.onError - stack:
  global code (http://beacon.sina.com.cn/h.js:1)

  phantomjs://platform/console++.js:263 in error
[ERROR - 2017-11-09T14:00:15.122Z] Session [4dd7d820-c556-11e7-bd2a-19df6981222b] - page.onError - msg: ReferenceError: Can't find variable: etag_ngx_str

  phantomjs://platform/console++.js:263 in error
[ERROR - 2017-11-09T14:00:15.122Z] Session [4dd7d820-c556-11e7-bd2a-19df6981222b] - page.onError - stack:
  global code (http://beacon.sina.com.cn/h.js:1)

  phantomjs://platform/console++.js:263 in error
[ERROR - 2017-11-09T14:00:15.800Z] Session [4dd7d820-c556-11e7-bd2a-19df6981222b] - page.onError - msg: TypeError: undefined is not an object (evaluating 'document.getElementsByTagName("meta").sinaPlistaAD.content')

  phantomjs://platform/console++.js:263 in error
[ERROR - 2017-11-09T14:00:15.800Z] Session [4dd7d820-c556-11e7-bd2a-19df6981222b] - page.onError - stack:
  sinaplistaAD (http://d4.sina.com.cn/litong/zhitou/sinaads/release/spec/sinaPlistaAD.js:1)

  phantomjs://platform/console++.js:263 in error
[ERROR - 2017-11-09T14:00:21.388Z] Session [4dd7d820-c556-11e7-bd2a-19df6981222b] - page.onError - msg: ReferenceError: Can't find variable: etag_ngx_str

  phantomjs://platform/console++.js:263 in error
[ERROR - 2017-11-09T14:00:21.388Z] Session [4dd7d820-c556-11e7-bd2a-19df6981222b] - page.onError - stack:
  global code (http://beacon.sina.com.cn/h.js:1)

  phantomjs://platform/console++.js:263 in error
[ERROR - 2017-11-09T14:00:21.487Z] Session [4dd7d820-c556-11e7-bd2a-19df6981222b] - page.onError - msg: ReferenceError: Can't find variable: etag_ngx_str

  phantomjs://platform/console++.js:263 in error
[ERROR - 2017-11-09T14:00:21.487Z] Session [4dd7d820-c556-11e7-bd2a-19df6981222b] - page.onError - stack:
  global code (http://beacon.sina.com.cn/h.js:1)

  phantomjs://platform/console++.js:263 in error
[ERROR - 2017-11-09T14:00:21.497Z] Session [4dd7d820-c556-11e7-bd2a-19df6981222b] - page.onError - msg: ReferenceError: Can't find variable: etag_ngx_str

  phantomjs://platform/console++.js:263 in error
[ERROR - 2017-11-09T14:00:21.497Z] Session [4dd7d820-c556-11e7-bd2a-19df6981222b] - page.onError - stack:
  global code (http://beacon.sina.com.cn/h.js:1)

  phantomjs://platform/console++.js:263 in error
[ERROR - 2017-11-09T14:00:22.009Z] Session [4dd7d820-c556-11e7-bd2a-19df6981222b] - page.onError - msg: TypeError: undefined is not an object (evaluating 'document.getElementsByTagName("meta").sinaPlistaAD.content')

  phantomjs://platform/console++.js:263 in error
[ERROR - 2017-11-09T14:00:22.010Z] Session [4dd7d820-c556-11e7-bd2a-19df6981222b] - page.onError - stack:
  sinaplistaAD (http://d0.sina.com.cn/litong/zhitou/sinaads/release/spec/sinaPlistaAD.js:1)

  phantomjs://platform/console++.js:263 in error
[ERROR - 2017-11-09T14:00:27.656Z] Session [4dd7d820-c556-11e7-bd2a-19df6981222b] - page.onError - msg: ReferenceError: Can't find variable: etag_ngx_str

  phantomjs://platform/console++.js:263 in error
[ERROR - 2017-11-09T14:00:27.656Z] Session [4dd7d820-c556-11e7-bd2a-19df6981222b] - page.onError - stack:
  global code (http://beacon.sina.com.cn/h.js:1)

  phantomjs://platform/console++.js:263 in error
[ERROR - 2017-11-09T14:00:27.820Z] Session [4dd7d820-c556-11e7-bd2a-19df6981222b] - page.onError - msg: ReferenceError: Can't find variable: etag_ngx_str

  phantomjs://platform/console++.js:263 in error
[ERROR - 2017-11-09T14:00:27.820Z] Session [4dd7d820-c556-11e7-bd2a-19df6981222b] - page.onError - stack:
  global code (http://beacon.sina.com.cn/h.js:1)

  phantomjs://platform/console++.js:263 in error
[ERROR - 2017-11-09T14:00:27.830Z] Session [4dd7d820-c556-11e7-bd2a-19df6981222b] - page.onError - msg: ReferenceError: Can't find variable: etag_ngx_str

  phantomjs://platform/console++.js:263 in error
[ERROR - 2017-11-09T14:00:27.830Z] Session [4dd7d820-c556-11e7-bd2a-19df6981222b] - page.onError - stack:
  global code (http://beacon.sina.com.cn/h.js:1)

  phantomjs://platform/console++.js:263 in error
[ERROR - 2017-11-09T14:00:28.021Z] Session [4dd7d820-c556-11e7-bd2a-19df6981222b] - page.onError - msg: TypeError: undefined is not an object (evaluating 'document.getElementsByTagName("meta").sinaPlistaAD.content')

  phantomjs://platform/console++.js:263 in error
[ERROR - 2017-11-09T14:00:28.021Z] Session [4dd7d820-c556-11e7-bd2a-19df6981222b] - page.onError - stack:
  sinaplistaAD (http://d0.sina.com.cn/litong/zhitou/sinaads/release/spec/sinaPlistaAD.js:1)

  phantomjs://platform/console++.js:263 in error
[ERROR - 2017-11-09T14:00:35.738Z] Session [4dd7d820-c556-11e7-bd2a-19df6981222b] - page.onError - msg: ReferenceError: Can't find variable: etag_ngx_str

  phantomjs://platform/console++.js:263 in error
[ERROR - 2017-11-09T14:00:35.738Z] Session [4dd7d820-c556-11e7-bd2a-19df6981222b] - page.onError - stack:
  global code (http://beacon.sina.com.cn/h.js:1)

  phantomjs://platform/console++.js:263 in error
[ERROR - 2017-11-09T14:00:35.909Z] Session [4dd7d820-c556-11e7-bd2a-19df6981222b] - page.onError - msg: ReferenceError: Can't find variable: etag_ngx_str

  phantomjs://platform/console++.js:263 in error
[ERROR - 2017-11-09T14:00:35.909Z] Session [4dd7d820-c556-11e7-bd2a-19df6981222b] - page.onError - stack:
  global code (http://beacon.sina.com.cn/h.js:1)

  phantomjs://platform/console++.js:263 in error
[ERROR - 2017-11-09T14:00:36.089Z] Session [4dd7d820-c556-11e7-bd2a-19df6981222b] - page.onError - msg: ReferenceError: Can't find variable: etag_ngx_str

  phantomjs://platform/console++.js:263 in error
[ERROR - 2017-11-09T14:00:36.089Z] Session [4dd7d820-c556-11e7-bd2a-19df6981222b] - page.onError - stack:
  global code (http://beacon.sina.com.cn/h.js:1)

  phantomjs://platform/console++.js:263 in error
[ERROR - 2017-11-09T14:00:36.586Z] Session [4dd7d820-c556-11e7-bd2a-19df6981222b] - page.onError - msg: TypeError: undefined is not an object (evaluating 'document.getElementsByTagName("meta").sinaPlistaAD.content')

  phantomjs://platform/console++.js:263 in error
[ERROR - 2017-11-09T14:00:36.586Z] Session [4dd7d820-c556-11e7-bd2a-19df6981222b] - page.onError - stack:
  sinaplistaAD (http://d1.sina.com.cn/litong/zhitou/sinaads/release/spec/sinaPlistaAD.js:1)

  phantomjs://platform/console++.js:263 in error
