[INFO  - 2018-01-31T10:50:49.738Z] GhostDriver - Main - running on port 56470
[INFO  - 2018-01-31T10:50:49.914Z] Session [99ac50a0-0674-11e8-ab7e-83d53221a881] - page.settings - {"XSSAuditingEnabled":false,"javascriptCanCloseWindows":true,"javascriptCanOpenWindows":true,"javascriptEnabled":true,"loadImages":false,"localToRemoteUrlAccessEnabled":false,"userAgent":"Mozilla/5.0 (X11; CrOS i686 2268.111.0) AppleWebKit/536.11 (KHTML, like Gecko) Chrome/20.0.1132.57 Safari/536.11","webSecurityEnabled":true}
[INFO  - 2018-01-31T10:50:49.919Z] Session [99ac50a0-0674-11e8-ab7e-83d53221a881] - page.customHeaders:  - {"Cookie":"aliyungf_tc=AQAAAIplnShTMAQAebbT3lEVm4rc3txx;"}
[INFO  - 2018-01-31T10:50:49.922Z] Session [99ac50a0-0674-11e8-ab7e-83d53221a881] - Session.negotiatedCapabilities - {"browserName":"phantomjs","version":"2.1.1","driverName":"ghostdriver","driverVersion":"1.2.0","platform":"linux-unknown-64bit","javascriptEnabled":true,"takesScreenshot":true,"handlesAlerts":false,"databaseEnabled":false,"locationContextEnabled":false,"applicationCacheEnabled":false,"browserConnectionEnabled":false,"cssSelectorsEnabled":true,"webStorageEnabled":false,"rotatable":false,"acceptSslCerts":false,"nativeEvents":true,"proxy":{"proxyType":"direct"},"phantomjs.page.settings.resourceTimeout":200,"phantomjs.page.settings.accept":"text/html,application/xhtml+xml,application/xml;q=0.9,image/webp,*/*;q=0.8","phantomjs.page.settings.loadImages":false,"phantomjs.page.settings.connection":"keep-alive","phantomjs.page.customHeaders.Cookie":"aliyungf_tc=AQAAAIplnShTMAQAebbT3lEVm4rc3txx;","phantomjs.page.settings.disk-cache":false,"phantomjs.page.settings.userAgent":"Mozilla/5.0 (X11; CrOS i686 2268.111.0) AppleWebKit/536.11 (KHTML, like Gecko) Chrome/20.0.1132.57 Safari/536.11"}
[INFO  - 2018-01-31T10:50:49.927Z] SessionManagerReqHand - _postNewSessionCommand - New Session Created: 99ac50a0-0674-11e8-ab7e-83d53221a881
[ERROR - 2018-01-31T10:50:49.955Z] RouterReqHand - _handle.error - {"name":"Missing Command Parameter","message":"{\"headers\":{\"Accept\":\"application/json\",\"Accept-Encoding\":\"identity\",\"Connection\":\"close\",\"Content-Length\":\"72\",\"Content-Type\":\"application/json;charset=UTF-8\",\"Host\":\"127.0.0.1:56470\",\"User-Agent\":\"Python http auth\"},\"httpVersion\":\"1.1\",\"method\":\"POST\",\"post\":\"{\\\"sessionId\\\": \\\"99ac50a0-0674-11e8-ab7e-83d53221a881\\\", \\\"pageLoad\\\": 20000}\",\"url\":\"/timeouts\",\"urlParsed\":{\"anchor\":\"\",\"query\":\"\",\"file\":\"timeouts\",\"directory\":\"/\",\"path\":\"/timeouts\",\"relative\":\"/timeouts\",\"port\":\"\",\"host\":\"\",\"password\":\"\",\"user\":\"\",\"userInfo\":\"\",\"authority\":\"\",\"protocol\":\"\",\"source\":\"/timeouts\",\"queryKey\":{},\"chunks\":[\"timeouts\"]},\"urlOriginal\":\"/session/99ac50a0-0674-11e8-ab7e-83d53221a881/timeouts\"}","line":546,"sourceURL":"phantomjs://code/session_request_handler.js","stack":"_postTimeout@phantomjs://code/session_request_handler.js:546:73\n_handle@phantomjs://code/session_request_handler.js:148:25\n_reroute@phantomjs://code/request_handler.js:61:20\n_handle@phantomjs://code/router_request_handler.js:78:46"}

  phantomjs://platform/console++.js:263 in error
[INFO  - 2018-01-31T10:55:49.928Z] SessionManagerReqHand - _cleanupWindowlessSessions - Asynchronous Sessions clean-up phase starting NOW
[INFO  - 2018-01-31T11:00:49.928Z] SessionManagerReqHand - _cleanupWindowlessSessions - Asynchronous Sessions clean-up phase starting NOW
[INFO  - 2018-01-31T11:05:49.928Z] SessionManagerReqHand - _cleanupWindowlessSessions - Asynchronous Sessions clean-up phase starting NOW
[INFO  - 2018-01-31T11:10:49.941Z] SessionManagerReqHand - _cleanupWindowlessSessions - Asynchronous Sessions clean-up phase starting NOW
[INFO  - 2018-01-31T11:15:49.929Z] SessionManagerReqHand - _cleanupWindowlessSessions - Asynchronous Sessions clean-up phase starting NOW
[INFO  - 2018-01-31T11:20:49.932Z] SessionManagerReqHand - _cleanupWindowlessSessions - Asynchronous Sessions clean-up phase starting NOW
[INFO  - 2018-01-31T11:25:49.928Z] SessionManagerReqHand - _cleanupWindowlessSessions - Asynchronous Sessions clean-up phase starting NOW
[INFO  - 2018-01-31T11:30:49.928Z] SessionManagerReqHand - _cleanupWindowlessSessions - Asynchronous Sessions clean-up phase starting NOW
[INFO  - 2018-01-31T11:35:49.928Z] SessionManagerReqHand - _cleanupWindowlessSessions - Asynchronous Sessions clean-up phase starting NOW
[INFO  - 2018-01-31T11:40:49.928Z] SessionManagerReqHand - _cleanupWindowlessSessions - Asynchronous Sessions clean-up phase starting NOW
[INFO  - 2018-01-31T11:45:49.928Z] SessionManagerReqHand - _cleanupWindowlessSessions - Asynchronous Sessions clean-up phase starting NOW
[INFO  - 2018-01-31T11:50:49.928Z] SessionManagerReqHand - _cleanupWindowlessSessions - Asynchronous Sessions clean-up phase starting NOW
[INFO  - 2018-01-31T11:55:49.928Z] SessionManagerReqHand - _cleanupWindowlessSessions - Asynchronous Sessions clean-up phase starting NOW
[INFO  - 2018-01-31T12:00:49.928Z] SessionManagerReqHand - _cleanupWindowlessSessions - Asynchronous Sessions clean-up phase starting NOW
[INFO  - 2018-01-31T12:05:49.929Z] SessionManagerReqHand - _cleanupWindowlessSessions - Asynchronous Sessions clean-up phase starting NOW
[INFO  - 2018-01-31T12:10:49.929Z] SessionManagerReqHand - _cleanupWindowlessSessions - Asynchronous Sessions clean-up phase starting NOW
[INFO  - 2018-01-31T12:15:49.983Z] SessionManagerReqHand - _cleanupWindowlessSessions - Asynchronous Sessions clean-up phase starting NOW
[INFO  - 2018-01-31T12:20:49.985Z] SessionManagerReqHand - _cleanupWindowlessSessions - Asynchronous Sessions clean-up phase starting NOW
[INFO  - 2018-01-31T12:25:49.928Z] SessionManagerReqHand - _cleanupWindowlessSessions - Asynchronous Sessions clean-up phase starting NOW
[INFO  - 2018-01-31T12:30:49.928Z] SessionManagerReqHand - _cleanupWindowlessSessions - Asynchronous Sessions clean-up phase starting NOW
[INFO  - 2018-01-31T12:35:49.928Z] SessionManagerReqHand - _cleanupWindowlessSessions - Asynchronous Sessions clean-up phase starting NOW
[INFO  - 2018-01-31T12:40:49.928Z] SessionManagerReqHand - _cleanupWindowlessSessions - Asynchronous Sessions clean-up phase starting NOW
[INFO  - 2018-01-31T12:45:50.125Z] SessionManagerReqHand - _cleanupWindowlessSessions - Asynchronous Sessions clean-up phase starting NOW
[INFO  - 2018-01-31T12:50:49.936Z] SessionManagerReqHand - _cleanupWindowlessSessions - Asynchronous Sessions clean-up phase starting NOW
[INFO  - 2018-01-31T12:55:49.939Z] SessionManagerReqHand - _cleanupWindowlessSessions - Asynchronous Sessions clean-up phase starting NOW
[INFO  - 2018-01-31T13:00:49.933Z] SessionManagerReqHand - _cleanupWindowlessSessions - Asynchronous Sessions clean-up phase starting NOW
[INFO  - 2018-01-31T13:05:49.931Z] SessionManagerReqHand - _cleanupWindowlessSessions - Asynchronous Sessions clean-up phase starting NOW
[INFO  - 2018-01-31T13:10:49.931Z] SessionManagerReqHand - _cleanupWindowlessSessions - Asynchronous Sessions clean-up phase starting NOW
